c:\users\olive\downloads\examformswitching (0612)\examformswitching\release\examformswitching.pch
c:\users\olive\downloads\examformswitching (0612)\examformswitching\release\vc142.pdb
c:\users\olive\downloads\examformswitching (0612)\examformswitching\release\stdafx.obj
c:\users\olive\downloads\examformswitching (0612)\examformswitching\release\examformswitchingdlg.obj
c:\users\olive\downloads\examformswitching (0612)\examformswitching\release\examformswitching.obj
c:\users\olive\downloads\examformswitching (0612)\examformswitching\release\cmyform5.obj
c:\users\olive\downloads\examformswitching (0612)\examformswitching\release\cmyform4.obj
c:\users\olive\downloads\examformswitching (0612)\examformswitching\release\cmyform3.obj
c:\users\olive\downloads\examformswitching (0612)\examformswitching\release\cmyform2.obj
c:\users\olive\downloads\examformswitching (0612)\examformswitching\release\cmyform1.obj
c:\users\olive\downloads\examformswitching (0612)\examformswitching\release\cmyform.obj
c:\users\olive\downloads\examformswitching (0612)\examformswitching\release\port.obj
c:\users\olive\downloads\examformswitching (0612)\release\examformswitching.ipdb
c:\users\olive\downloads\examformswitching (0612)\release\examformswitching.iobj
c:\users\olive\downloads\examformswitching (0612)\release\examformswitching.exe
c:\users\olive\downloads\examformswitching (0612)\release\examformswitching.pdb
c:\users\olive\downloads\examformswitching (0612)\examformswitching\release\examformswitching.res
c:\users\olive\downloads\examformswitching (0612)\examformswitching\release\examform.b6b7edea.tlog\cl.command.1.tlog
c:\users\olive\downloads\examformswitching (0612)\examformswitching\release\examform.b6b7edea.tlog\cl.read.1.tlog
c:\users\olive\downloads\examformswitching (0612)\examformswitching\release\examform.b6b7edea.tlog\cl.write.1.tlog
c:\users\olive\downloads\examformswitching (0612)\examformswitching\release\examform.b6b7edea.tlog\examformswitching.write.1u.tlog
c:\users\olive\downloads\examformswitching (0612)\examformswitching\release\examform.b6b7edea.tlog\link.command.1.tlog
c:\users\olive\downloads\examformswitching (0612)\examformswitching\release\examform.b6b7edea.tlog\link.read.1.tlog
c:\users\olive\downloads\examformswitching (0612)\examformswitching\release\examform.b6b7edea.tlog\link.write.1.tlog
c:\users\olive\downloads\examformswitching (0612)\examformswitching\release\examform.b6b7edea.tlog\rc.command.1.tlog
c:\users\olive\downloads\examformswitching (0612)\examformswitching\release\examform.b6b7edea.tlog\rc.read.1.tlog
c:\users\olive\downloads\examformswitching (0612)\examformswitching\release\examform.b6b7edea.tlog\rc.write.1.tlog
