c:\users\olive\downloads\examformswitching (0612)\examformswitching\debug\examformswitching.pch
c:\users\olive\downloads\examformswitching (0612)\examformswitching\debug\vc142.pdb
c:\users\olive\downloads\examformswitching (0612)\examformswitching\debug\vc142.idb
c:\users\olive\downloads\examformswitching (0612)\examformswitching\debug\stdafx.obj
c:\users\olive\downloads\examformswitching (0612)\examformswitching\debug\examformswitchingdlg.obj
c:\users\olive\downloads\examformswitching (0612)\examformswitching\debug\examformswitching.obj
c:\users\olive\downloads\examformswitching (0612)\examformswitching\debug\cmyform2.obj
c:\users\olive\downloads\examformswitching (0612)\examformswitching\debug\port.obj
c:\users\olive\downloads\examformswitching (0612)\examformswitching\debug\cmyform5.obj
c:\users\olive\downloads\examformswitching (0612)\examformswitching\debug\cmyform4.obj
c:\users\olive\downloads\examformswitching (0612)\examformswitching\debug\cmyform3.obj
c:\users\olive\downloads\examformswitching (0612)\examformswitching\debug\cmyform1.obj
c:\users\olive\downloads\examformswitching (0612)\examformswitching\debug\cmyform.obj
c:\users\olive\downloads\examformswitching (0612)\debug\examformswitching.exe
c:\users\olive\downloads\examformswitching (0612)\debug\examformswitching.ilk
c:\users\olive\downloads\examformswitching (0612)\debug\examformswitching.pdb
c:\users\olive\downloads\examformswitching (0612)\examformswitching\debug\examformswitching.res
c:\users\olive\downloads\examformswitching (0612)\examformswitching\debug\examform.b6b7edea.tlog\cl.command.1.tlog
c:\users\olive\downloads\examformswitching (0612)\examformswitching\debug\examform.b6b7edea.tlog\cl.read.1.tlog
c:\users\olive\downloads\examformswitching (0612)\examformswitching\debug\examform.b6b7edea.tlog\cl.write.1.tlog
c:\users\olive\downloads\examformswitching (0612)\examformswitching\debug\examform.b6b7edea.tlog\link.command.1.tlog
c:\users\olive\downloads\examformswitching (0612)\examformswitching\debug\examform.b6b7edea.tlog\link.read.1.tlog
c:\users\olive\downloads\examformswitching (0612)\examformswitching\debug\examform.b6b7edea.tlog\link.write.1.tlog
c:\users\olive\downloads\examformswitching (0612)\examformswitching\debug\examform.b6b7edea.tlog\rc.command.1.tlog
c:\users\olive\downloads\examformswitching (0612)\examformswitching\debug\examform.b6b7edea.tlog\rc.read.1.tlog
c:\users\olive\downloads\examformswitching (0612)\examformswitching\debug\examform.b6b7edea.tlog\rc.write.1.tlog
